{"level":"info","message":"Hello from Acquisitions!","service":"acquisitions-api","timestamp":"2025-09-27T22:39:25.632Z"}
{"level":"info","message":"::1 - - [27/Sep/2025:22:39:25 +0000] \"GET / HTTP/1.1\" 304 - \"-\" \"Mozilla/5.0 (Macintosh; Intel Mac OS X 10_15_7) AppleWebKit/537.36 (KHTML, like Gecko) Chrome/140.0.0.0 Safari/537.36\"","service":"acquisitions-api","timestamp":"2025-09-27T22:39:25.645Z"}
{"level":"info","message":"::1 - - [27/Sep/2025:22:39:25 +0000] \"GET /favicon.ico HTTP/1.1\" 404 150 \"-\" \"Mozilla/5.0 (Macintosh; Intel Mac OS X 10_15_7) AppleWebKit/537.36 (KHTML, like Gecko) Chrome/140.0.0.0 Safari/537.36\"","service":"acquisitions-api","timestamp":"2025-09-27T22:39:25.736Z"}
{"level":"info","message":"Hello from Acquisitions!","service":"acquisitions-api","timestamp":"2025-09-27T22:39:29.298Z"}
{"level":"info","message":"::1 - - [27/Sep/2025:22:39:29 +0000] \"GET / HTTP/1.1\" 304 - \"-\" \"Mozilla/5.0 (Macintosh; Intel Mac OS X 10_15_7) AppleWebKit/537.36 (KHTML, like Gecko) Chrome/140.0.0.0 Safari/537.36\"","service":"acquisitions-api","timestamp":"2025-09-27T22:39:29.300Z"}
{"level":"info","message":"Hello from Acquisitions!","service":"acquisitions-api","timestamp":"2025-09-27T23:03:12.856Z"}
{"level":"info","message":"::1 - - [27/Sep/2025:23:03:12 +0000] \"GET / HTTP/1.1\" 304 - \"-\" \"Mozilla/5.0 (Macintosh; Intel Mac OS X 10_15_7) AppleWebKit/537.36 (KHTML, like Gecko) Chrome/140.0.0.0 Safari/537.36\"","service":"acquisitions-api","timestamp":"2025-09-27T23:03:12.869Z"}
{"level":"info","message":"::1 - - [27/Sep/2025:23:04:10 +0000] \"GET /health HTTP/1.1\" 200 76 \"-\" \"Mozilla/5.0 (Macintosh; Intel Mac OS X 10_15_7) AppleWebKit/537.36 (KHTML, like Gecko) Chrome/140.0.0.0 Safari/537.36\"","service":"acquisitions-api","timestamp":"2025-09-27T23:04:10.452Z"}
{"level":"info","message":"::1 - - [27/Sep/2025:23:04:16 +0000] \"GET /api HTTP/1.1\" 200 32 \"-\" \"Mozilla/5.0 (Macintosh; Intel Mac OS X 10_15_7) AppleWebKit/537.36 (KHTML, like Gecko) Chrome/140.0.0.0 Safari/537.36\"","service":"acquisitions-api","timestamp":"2025-09-27T23:04:16.912Z"}
{"level":"info","message":"::1 - - [28/Sep/2025:01:54:36 +0000] \"GET /api HTTP/1.1\" 200 32 \"-\" \"PostmanRuntime/7.37.3\"","service":"acquisitions-api","timestamp":"2025-09-28T01:54:36.537Z"}
{"level":"info","message":"::1 - - [28/Sep/2025:01:54:51 +0000] \"POST /api/auth/sign-up HTTP/1.1\" 400 92 \"-\" \"PostmanRuntime/7.37.3\"","service":"acquisitions-api","timestamp":"2025-09-28T01:54:51.828Z"}
{"level":"info","message":"::1 - - [28/Sep/2025:01:57:27 +0000] \"POST /api/auth/sign-up HTTP/1.1\" 400 92 \"-\" \"PostmanRuntime/7.37.3\"","service":"acquisitions-api","timestamp":"2025-09-28T01:57:27.998Z"}
{"level":"info","message":"::1 - - [28/Sep/2025:01:58:54 +0000] \"POST /api/auth/sign-up HTTP/1.1\" 400 144 \"-\" \"PostmanRuntime/7.37.3\"","service":"acquisitions-api","timestamp":"2025-09-28T01:58:54.880Z"}
{"level":"error","message":"Signup error createUser is not defined","service":"acquisitions-api","stack":"ReferenceError: createUser is not defined\n    at signup (file:///Users/blurlingite/Documents/GitHub%20Repos/acquisitions/src/controllers/auth.controller.js:21:18)\n    at Layer.handleRequest (/Users/blurlingite/Documents/GitHub Repos/acquisitions/node_modules/router/lib/layer.js:152:17)\n    at next (/Users/blurlingite/Documents/GitHub Repos/acquisitions/node_modules/router/lib/route.js:157:13)\n    at Route.dispatch (/Users/blurlingite/Documents/GitHub Repos/acquisitions/node_modules/router/lib/route.js:117:3)\n    at handle (/Users/blurlingite/Documents/GitHub Repos/acquisitions/node_modules/router/index.js:435:11)\n    at Layer.handleRequest (/Users/blurlingite/Documents/GitHub Repos/acquisitions/node_modules/router/lib/layer.js:152:17)\n    at /Users/blurlingite/Documents/GitHub Repos/acquisitions/node_modules/router/index.js:295:15\n    at processParams (/Users/blurlingite/Documents/GitHub Repos/acquisitions/node_modules/router/index.js:582:12)\n    at next (/Users/blurlingite/Documents/GitHub Repos/acquisitions/node_modules/router/index.js:291:5)\n    at Function.handle (/Users/blurlingite/Documents/GitHub Repos/acquisitions/node_modules/router/index.js:186:3)","timestamp":"2025-09-28T01:59:24.920Z"}
{"level":"info","message":"::1 - - [28/Sep/2025:01:59:24 +0000] \"POST /api/auth/sign-up HTTP/1.1\" 500 1432 \"-\" \"PostmanRuntime/7.37.3\"","service":"acquisitions-api","timestamp":"2025-09-28T01:59:24.922Z"}
{"level":"error","message":"Signup error createUser is not defined","service":"acquisitions-api","stack":"ReferenceError: createUser is not defined\n    at signup (file:///Users/blurlingite/Documents/GitHub%20Repos/acquisitions/src/controllers/auth.controller.js:21:18)\n    at Layer.handleRequest (/Users/blurlingite/Documents/GitHub Repos/acquisitions/node_modules/router/lib/layer.js:152:17)\n    at next (/Users/blurlingite/Documents/GitHub Repos/acquisitions/node_modules/router/lib/route.js:157:13)\n    at Route.dispatch (/Users/blurlingite/Documents/GitHub Repos/acquisitions/node_modules/router/lib/route.js:117:3)\n    at handle (/Users/blurlingite/Documents/GitHub Repos/acquisitions/node_modules/router/index.js:435:11)\n    at Layer.handleRequest (/Users/blurlingite/Documents/GitHub Repos/acquisitions/node_modules/router/lib/layer.js:152:17)\n    at /Users/blurlingite/Documents/GitHub Repos/acquisitions/node_modules/router/index.js:295:15\n    at processParams (/Users/blurlingite/Documents/GitHub Repos/acquisitions/node_modules/router/index.js:582:12)\n    at next (/Users/blurlingite/Documents/GitHub Repos/acquisitions/node_modules/router/index.js:291:5)\n    at Function.handle (/Users/blurlingite/Documents/GitHub Repos/acquisitions/node_modules/router/index.js:186:3)","timestamp":"2025-09-28T01:59:46.864Z"}
{"level":"info","message":"::1 - - [28/Sep/2025:01:59:46 +0000] \"POST /api/auth/sign-up HTTP/1.1\" 500 1432 \"-\" \"PostmanRuntime/7.37.3\"","service":"acquisitions-api","timestamp":"2025-09-28T01:59:46.865Z"}
{"level":"info","message":"::1 - - [28/Sep/2025:02:01:33 +0000] \"POST /api/auth/sign-up HTTP/1.1\" 400 92 \"-\" \"PostmanRuntime/7.37.3\"","service":"acquisitions-api","timestamp":"2025-09-28T02:01:33.995Z"}
{"level":"error","message":"Signup error createUser is not defined","service":"acquisitions-api","stack":"ReferenceError: createUser is not defined\n    at signup (file:///Users/blurlingite/Documents/GitHub%20Repos/acquisitions/src/controllers/auth.controller.js:21:18)\n    at Layer.handleRequest (/Users/blurlingite/Documents/GitHub Repos/acquisitions/node_modules/router/lib/layer.js:152:17)\n    at next (/Users/blurlingite/Documents/GitHub Repos/acquisitions/node_modules/router/lib/route.js:157:13)\n    at Route.dispatch (/Users/blurlingite/Documents/GitHub Repos/acquisitions/node_modules/router/lib/route.js:117:3)\n    at handle (/Users/blurlingite/Documents/GitHub Repos/acquisitions/node_modules/router/index.js:435:11)\n    at Layer.handleRequest (/Users/blurlingite/Documents/GitHub Repos/acquisitions/node_modules/router/lib/layer.js:152:17)\n    at /Users/blurlingite/Documents/GitHub Repos/acquisitions/node_modules/router/index.js:295:15\n    at processParams (/Users/blurlingite/Documents/GitHub Repos/acquisitions/node_modules/router/index.js:582:12)\n    at next (/Users/blurlingite/Documents/GitHub Repos/acquisitions/node_modules/router/index.js:291:5)\n    at Function.handle (/Users/blurlingite/Documents/GitHub Repos/acquisitions/node_modules/router/index.js:186:3)","timestamp":"2025-09-28T02:01:52.830Z"}
{"level":"info","message":"::1 - - [28/Sep/2025:02:01:52 +0000] \"POST /api/auth/sign-up HTTP/1.1\" 500 1432 \"-\" \"PostmanRuntime/7.37.3\"","service":"acquisitions-api","timestamp":"2025-09-28T02:01:52.831Z"}
{"level":"info","message":"User test@test.com created successfully","service":"acquisitions-api","timestamp":"2025-09-28T17:10:55.881Z"}
{"level":"info","message":"User registered successfully: test@test.com","service":"acquisitions-api","timestamp":"2025-09-28T17:10:55.895Z"}
{"level":"info","message":"::1 - - [28/Sep/2025:17:10:55 +0000] \"POST /api/auth/sign-up HTTP/1.1\" 201 101 \"-\" \"PostmanRuntime/7.37.3\"","service":"acquisitions-api","timestamp":"2025-09-28T17:10:55.899Z"}
{"level":"info","message":"User alextest@test.com created successfully","service":"acquisitions-api","timestamp":"2025-09-28T17:11:39.169Z"}
{"level":"info","message":"User registered successfully: alextest@test.com","service":"acquisitions-api","timestamp":"2025-09-28T17:11:39.171Z"}
{"level":"info","message":"::1 - - [28/Sep/2025:17:11:39 +0000] \"POST /api/auth/sign-up HTTP/1.1\" 201 101 \"-\" \"PostmanRuntime/7.37.3\"","service":"acquisitions-api","timestamp":"2025-09-28T17:11:39.173Z"}
{"level":"info","message":"::1 - - [28/Sep/2025:17:56:01 +0000] \"POST /api/auth/sign-in HTTP/1.1\" 200 31 \"-\" \"PostmanRuntime/7.37.3\"","service":"acquisitions-api","timestamp":"2025-09-28T17:56:01.833Z"}
{"level":"info","message":"User signed out successfully","service":"acquisitions-api","timestamp":"2025-09-28T18:04:15.117Z"}
{"level":"info","message":"::1 - - [28/Sep/2025:18:04:15 +0000] \"POST /api/auth/sign-out HTTP/1.1\" 200 42 \"-\" \"PostmanRuntime/7.37.3\"","service":"acquisitions-api","timestamp":"2025-09-28T18:04:15.123Z"}
{"ip":"::1","level":"warn","message":"Bot request blocked","path":"/health","service":"acquisitions-api","timestamp":"2025-09-28T18:38:27.972Z","userAgent":"PostmanRuntime/7.37.3"}
{"level":"info","message":"::1 - - [28/Sep/2025:18:38:27 +0000] \"POST /health HTTP/1.1\" 403 68 \"-\" \"PostmanRuntime/7.37.3\"","service":"acquisitions-api","timestamp":"2025-09-28T18:38:27.980Z"}
{"ip":"::1","level":"warn","message":"Bot request blocked","path":"/health","service":"acquisitions-api","timestamp":"2025-09-28T18:44:41.962Z","userAgent":"PostmanRuntime/7.37.3"}
{"level":"info","message":"::1 - - [28/Sep/2025:18:44:41 +0000] \"POST /health HTTP/1.1\" 403 68 \"-\" \"PostmanRuntime/7.37.3\"","service":"acquisitions-api","timestamp":"2025-09-28T18:44:41.970Z"}
{"ip":"::1","level":"warn","message":"Bot request blocked","path":"/health","service":"acquisitions-api","timestamp":"2025-09-28T18:47:02.775Z","userAgent":"PostmanRuntime/7.37.3"}
{"level":"info","message":"::1 - - [28/Sep/2025:18:47:02 +0000] \"POST /health HTTP/1.1\" 403 68 \"-\" \"PostmanRuntime/7.37.3\"","service":"acquisitions-api","timestamp":"2025-09-28T18:47:02.782Z"}
{"ip":"::1","level":"warn","message":"Bot request blocked","path":"/health","service":"acquisitions-api","timestamp":"2025-09-28T18:57:22.859Z","userAgent":"PostmanRuntime/7.37.3"}
{"level":"info","message":"::1 - - [28/Sep/2025:18:57:22 +0000] \"POST /health HTTP/1.1\" 403 68 \"-\" \"PostmanRuntime/7.37.3\"","service":"acquisitions-api","timestamp":"2025-09-28T18:57:22.867Z"}
{"ip":"::1","level":"warn","message":"Bot request blocked","path":"/health","service":"acquisitions-api","timestamp":"2025-09-28T18:57:27.194Z","userAgent":"PostmanRuntime/7.37.3"}
{"level":"info","message":"::1 - - [28/Sep/2025:18:57:27 +0000] \"POST /health HTTP/1.1\" 403 68 \"-\" \"PostmanRuntime/7.37.3\"","service":"acquisitions-api","timestamp":"2025-09-28T18:57:27.195Z"}
{"ip":"::1","level":"warn","message":"Bot request blocked","path":"/health","service":"acquisitions-api","timestamp":"2025-09-28T18:57:27.507Z","userAgent":"PostmanRuntime/7.37.3"}
{"level":"info","message":"::1 - - [28/Sep/2025:18:57:27 +0000] \"POST /health HTTP/1.1\" 403 68 \"-\" \"PostmanRuntime/7.37.3\"","service":"acquisitions-api","timestamp":"2025-09-28T18:57:27.509Z"}
{"ip":"::1","level":"warn","message":"Bot request blocked","path":"/health","service":"acquisitions-api","timestamp":"2025-09-28T18:57:27.834Z","userAgent":"PostmanRuntime/7.37.3"}
{"level":"info","message":"::1 - - [28/Sep/2025:18:57:27 +0000] \"POST /health HTTP/1.1\" 403 68 \"-\" \"PostmanRuntime/7.37.3\"","service":"acquisitions-api","timestamp":"2025-09-28T18:57:27.835Z"}
{"ip":"::1","level":"warn","message":"Bot request blocked","path":"/health","service":"acquisitions-api","timestamp":"2025-09-28T18:59:02.972Z","userAgent":"PostmanRuntime/7.37.3"}
{"level":"info","message":"::1 - - [28/Sep/2025:18:59:02 +0000] \"POST /health HTTP/1.1\" 403 68 \"-\" \"PostmanRuntime/7.37.3\"","service":"acquisitions-api","timestamp":"2025-09-28T18:59:02.980Z"}
{"level":"info","message":"::1 - - [28/Sep/2025:19:01:35 +0000] \"POST /health HTTP/1.1\" 404 146 \"-\" \"PostmanRuntime/7.37.3\"","service":"acquisitions-api","timestamp":"2025-09-28T19:01:35.539Z"}
{"level":"info","message":"::1 - - [28/Sep/2025:19:02:09 +0000] \"GET /health HTTP/1.1\" 200 76 \"-\" \"PostmanRuntime/7.37.3\"","service":"acquisitions-api","timestamp":"2025-09-28T19:02:09.922Z"}
{"level":"info","message":"::1 - - [28/Sep/2025:19:03:24 +0000] \"GET /health HTTP/1.1\" 200 74 \"-\" \"PostmanRuntime/7.37.3\"","service":"acquisitions-api","timestamp":"2025-09-28T19:03:24.391Z"}
{"level":"info","message":"::1 - - [28/Sep/2025:19:03:25 +0000] \"GET /health HTTP/1.1\" 200 75 \"-\" \"PostmanRuntime/7.37.3\"","service":"acquisitions-api","timestamp":"2025-09-28T19:03:25.244Z"}
{"level":"info","message":"::1 - - [28/Sep/2025:19:03:25 +0000] \"GET /health HTTP/1.1\" 200 75 \"-\" \"PostmanRuntime/7.37.3\"","service":"acquisitions-api","timestamp":"2025-09-28T19:03:25.955Z"}
{"level":"info","message":"::1 - - [28/Sep/2025:19:03:26 +0000] \"GET /health HTTP/1.1\" 200 75 \"-\" \"PostmanRuntime/7.37.3\"","service":"acquisitions-api","timestamp":"2025-09-28T19:03:26.649Z"}
{"level":"info","message":"::1 - - [28/Sep/2025:19:03:27 +0000] \"GET /health HTTP/1.1\" 200 75 \"-\" \"PostmanRuntime/7.37.3\"","service":"acquisitions-api","timestamp":"2025-09-28T19:03:27.284Z"}
{"ip":"::1","level":"warn","message":"Rate limit exceeded","path":"/health","service":"acquisitions-api","timestamp":"2025-09-28T19:03:28.085Z","userAgent":"PostmanRuntime/7.37.3"}
{"level":"info","message":"::1 - - [28/Sep/2025:19:03:28 +0000] \"GET /health HTTP/1.1\" 403 51 \"-\" \"PostmanRuntime/7.37.3\"","service":"acquisitions-api","timestamp":"2025-09-28T19:03:28.086Z"}
{"level":"info","message":"::1 - - [29/Sep/2025:13:46:10 +0000] \"GET /health HTTP/1.1\" 200 75 \"-\" \"-\"","service":"acquisitions-api","timestamp":"2025-09-29T13:46:10.677Z"}
{"level":"info","message":"Hello from Acquisitions!","service":"acquisitions-api","timestamp":"2025-09-29T13:46:17.819Z"}
{"level":"info","message":"::ffff:192.168.65.1 - - [29/Sep/2025:13:46:17 +0000] \"GET / HTTP/1.1\" 304 - \"-\" \"Mozilla/5.0 (Macintosh; Intel Mac OS X 10_15_7) AppleWebKit/537.36 (KHTML, like Gecko) Chrome/140.0.0.0 Safari/537.36\"","service":"acquisitions-api","timestamp":"2025-09-29T13:46:17.822Z"}
{"level":"info","message":"::ffff:192.168.65.1 - - [29/Sep/2025:13:46:18 +0000] \"GET /favicon.ico HTTP/1.1\" 404 150 \"-\" \"Mozilla/5.0 (Macintosh; Intel Mac OS X 10_15_7) AppleWebKit/537.36 (KHTML, like Gecko) Chrome/140.0.0.0 Safari/537.36\"","service":"acquisitions-api","timestamp":"2025-09-29T13:46:18.002Z"}
{"level":"info","message":"::1 - - [29/Sep/2025:13:46:40 +0000] \"GET /health HTTP/1.1\" 200 76 \"-\" \"-\"","service":"acquisitions-api","timestamp":"2025-09-29T13:46:40.863Z"}
{"level":"info","message":"::ffff:192.168.65.1 - - [29/Sep/2025:13:46:42 +0000] \"POST /health HTTP/1.1\" 404 146 \"-\" \"PostmanRuntime/7.37.3\"","service":"acquisitions-api","timestamp":"2025-09-29T13:46:42.595Z"}
{"ip":"::ffff:192.168.65.1","level":"warn","message":"Rate limit exceeded","path":"/health","service":"acquisitions-api","timestamp":"2025-09-29T13:46:49.414Z","userAgent":"PostmanRuntime/7.37.3"}
{"level":"info","message":"::ffff:192.168.65.1 - - [29/Sep/2025:13:46:49 +0000] \"GET /health HTTP/1.1\" 403 51 \"-\" \"PostmanRuntime/7.37.3\"","service":"acquisitions-api","timestamp":"2025-09-29T13:46:49.415Z"}
{"level":"info","message":"::1 - - [29/Sep/2025:13:47:11 +0000] \"GET /health HTTP/1.1\" 200 76 \"-\" \"-\"","service":"acquisitions-api","timestamp":"2025-09-29T13:47:11.051Z"}
{"level":"info","message":"::1 - - [29/Sep/2025:13:47:41 +0000] \"GET /health HTTP/1.1\" 200 76 \"-\" \"-\"","service":"acquisitions-api","timestamp":"2025-09-29T13:47:41.245Z"}
{"level":"info","message":"::ffff:192.168.65.1 - - [29/Sep/2025:13:47:54 +0000] \"GET /api/auth/sign-up HTTP/1.1\" 404 155 \"-\" \"PostmanRuntime/7.37.3\"","service":"acquisitions-api","timestamp":"2025-09-29T13:47:54.654Z"}
{"level":"info","message":"User testmackm@test.com created successfully","service":"acquisitions-api","timestamp":"2025-09-29T13:47:59.580Z"}
{"level":"info","message":"User registered successfully: testmackm@test.com","service":"acquisitions-api","timestamp":"2025-09-29T13:47:59.586Z"}
{"level":"info","message":"::ffff:192.168.65.1 - - [29/Sep/2025:13:47:59 +0000] \"POST /api/auth/sign-up HTTP/1.1\" 201 102 \"-\" \"PostmanRuntime/7.37.3\"","service":"acquisitions-api","timestamp":"2025-09-29T13:47:59.587Z"}
{"level":"info","message":"::1 - - [29/Sep/2025:13:48:11 +0000] \"GET /health HTTP/1.1\" 200 77 \"-\" \"-\"","service":"acquisitions-api","timestamp":"2025-09-29T13:48:11.422Z"}
{"level":"info","message":"::1 - - [29/Sep/2025:13:48:41 +0000] \"GET /health HTTP/1.1\" 200 75 \"-\" \"-\"","service":"acquisitions-api","timestamp":"2025-09-29T13:48:41.601Z"}
{"level":"info","message":"::1 - - [29/Sep/2025:13:49:11 +0000] \"GET /health HTTP/1.1\" 200 77 \"-\" \"-\"","service":"acquisitions-api","timestamp":"2025-09-29T13:49:11.773Z"}
{"level":"info","message":"::1 - - [29/Sep/2025:13:49:42 +0000] \"GET /health HTTP/1.1\" 200 77 \"-\" \"-\"","service":"acquisitions-api","timestamp":"2025-09-29T13:49:42.070Z"}
{"level":"info","message":"::1 - - [29/Sep/2025:13:50:12 +0000] \"GET /health HTTP/1.1\" 200 77 \"-\" \"-\"","service":"acquisitions-api","timestamp":"2025-09-29T13:50:12.236Z"}
{"level":"info","message":"::1 - - [29/Sep/2025:13:50:42 +0000] \"GET /health HTTP/1.1\" 200 77 \"-\" \"-\"","service":"acquisitions-api","timestamp":"2025-09-29T13:50:42.435Z"}
{"level":"info","message":"::1 - - [29/Sep/2025:13:51:12 +0000] \"GET /health HTTP/1.1\" 200 77 \"-\" \"-\"","service":"acquisitions-api","timestamp":"2025-09-29T13:51:12.636Z"}
{"level":"info","message":"::1 - - [29/Sep/2025:13:51:42 +0000] \"GET /health HTTP/1.1\" 200 77 \"-\" \"-\"","service":"acquisitions-api","timestamp":"2025-09-29T13:51:42.814Z"}
{"level":"info","message":"::1 - - [29/Sep/2025:13:52:12 +0000] \"GET /health HTTP/1.1\" 200 77 \"-\" \"-\"","service":"acquisitions-api","timestamp":"2025-09-29T13:52:12.984Z"}
{"level":"info","message":"::1 - - [29/Sep/2025:13:52:43 +0000] \"GET /health HTTP/1.1\" 200 77 \"-\" \"-\"","service":"acquisitions-api","timestamp":"2025-09-29T13:52:43.223Z"}
{"level":"info","message":"::1 - - [29/Sep/2025:13:53:13 +0000] \"GET /health HTTP/1.1\" 200 77 \"-\" \"-\"","service":"acquisitions-api","timestamp":"2025-09-29T13:53:13.413Z"}
{"level":"info","message":"::1 - - [29/Sep/2025:13:53:43 +0000] \"GET /health HTTP/1.1\" 200 77 \"-\" \"-\"","service":"acquisitions-api","timestamp":"2025-09-29T13:53:43.585Z"}
{"level":"info","message":"::1 - - [29/Sep/2025:13:54:13 +0000] \"GET /health HTTP/1.1\" 200 77 \"-\" \"-\"","service":"acquisitions-api","timestamp":"2025-09-29T13:54:13.761Z"}
{"level":"info","message":"::1 - - [29/Sep/2025:13:54:43 +0000] \"GET /health HTTP/1.1\" 200 77 \"-\" \"-\"","service":"acquisitions-api","timestamp":"2025-09-29T13:54:43.933Z"}
{"level":"info","message":"::1 - - [29/Sep/2025:13:55:14 +0000] \"GET /health HTTP/1.1\" 200 77 \"-\" \"-\"","service":"acquisitions-api","timestamp":"2025-09-29T13:55:14.109Z"}
{"level":"info","message":"::1 - - [29/Sep/2025:13:56:46 +0000] \"GET /health HTTP/1.1\" 200 75 \"-\" \"-\"","service":"acquisitions-api","timestamp":"2025-09-29T13:56:46.783Z"}
{"level":"info","message":"User testally@test.com created successfully","service":"acquisitions-api","timestamp":"2025-09-29T13:56:58.291Z"}
{"level":"info","message":"User registered successfully: testally@test.com","service":"acquisitions-api","timestamp":"2025-09-29T13:56:58.297Z"}
{"level":"info","message":"::ffff:192.168.65.1 - - [29/Sep/2025:13:56:58 +0000] \"POST /api/auth/sign-up HTTP/1.1\" 201 101 \"-\" \"PostmanRuntime/7.37.3\"","service":"acquisitions-api","timestamp":"2025-09-29T13:56:58.298Z"}
